app/build/outputs/logs/manifest-merger-debug-report.txt
-- Merging decision tree log ---
manifest
ADDED from src\main\AndroidManifest.xml:16:1-188:12
	package
		ADDED from src\main\AndroidManifest.xml:17:5-47
		INJECTED from src\main\AndroidManifest.xml
		INJECTED from src\main\AndroidManifest.xml
	android:versionName
		INJECTED from src\main\AndroidManifest.xml
		INJECTED from src\main\AndroidManifest.xml
	xmlns:android
		ADDED from src\main\AndroidManifest.xml:16:11-69
	android:versionCode
		INJECTED from src\main\AndroidManifest.xml
		INJECTED from src\main\AndroidManifest.xml
uses-permission#android.permission.INTERNET
ADDED from src\main\AndroidManifest.xml:20:5-67
MERGED from [com.google.android.gms:play-services-gcm:10.0.1] AndroidManifest.xml:21:5-66
MERGED from [com.google.android.gms:play-services-iid:10.0.1] AndroidManifest.xml:21:5-66
	android:name
		ADDED from src\main\AndroidManifest.xml:20:22-64
uses-permission#android.permission.READ_SYNC_SETTINGS
ADDED from src\main\AndroidManifest.xml:23:5-77
	android:name
		ADDED from src\main\AndroidManifest.xml:23:22-74
uses-permission#android.permission.WRITE_SYNC_SETTINGS
ADDED from src\main\AndroidManifest.xml:24:5-78
	android:name
		ADDED from src\main\AndroidManifest.xml:24:22-75
uses-permission#android.permission.AUTHENTICATE_ACCOUNTS
ADDED from src\main\AndroidManifest.xml:25:5-80
	android:name
		ADDED from src\main\AndroidManifest.xml:25:22-77
uses-permission#android.permission.ACCESS_NETWORK_STATE
ADDED from src\main\AndroidManifest.xml:28:5-79
	android:name
		ADDED from src\main\AndroidManifest.xml:28:22-76
uses-permission#android.permission.WAKE_LOCK
ADDED from src\main\AndroidManifest.xml:31:5-68
	android:name
		ADDED from src\main\AndroidManifest.xml:31:22-65
uses-permission#com.google.android.c2dm.permission.RECEIVE
ADDED from src\main\AndroidManifest.xml:32:5-82
MERGED from [com.google.android.gms:play-services-gcm:10.0.1] AndroidManifest.xml:20:5-81
MERGED from [com.google.android.gms:play-services-iid:10.0.1] AndroidManifest.xml:20:5-81
	android:name
		ADDED from src\main\AndroidManifest.xml:32:22-79
permission#com.example.android.sunshine.app.permission.C2D_MESSAGE
ADDED from src\main\AndroidManifest.xml:34:5-36:47
	android:protectionLevel
		ADDED from src\main\AndroidManifest.xml:36:9-44
	android:name
		ADDED from src\main\AndroidManifest.xml:35:9-79
uses-permission#com.example.android.sunshine.app.permission.C2D_MESSAGE
ADDED from src\main\AndroidManifest.xml:38:5-95
	android:name
		ADDED from src\main\AndroidManifest.xml:38:22-92
uses-permission#android.permission.ACCESS_FINE_LOCATION
ADDED from src\main\AndroidManifest.xml:41:5-79
	android:name
		ADDED from src\main\AndroidManifest.xml:41:22-76
application
ADDED from src\main\AndroidManifest.xml:43:5-186:19
MERGED from [com.android.support:gridlayout-v7:23.0.0] AndroidManifest.xml:22:5-20
MERGED from [com.android.support:support-v4:24.0.0] AndroidManifest.xml:25:5-20
MERGED from [com.android.support:cardview-v7:23.0.0] AndroidManifest.xml:22:5-20
MERGED from [com.android.support:design:23.0.0] AndroidManifest.xml:22:5-20
MERGED from [com.android.support:appcompat-v7:23.0.0] AndroidManifest.xml:22:5-20
MERGED from [com.google.android.gms:play-services-gcm:10.0.1] AndroidManifest.xml:23:5-19
MERGED from [com.google.android.gms:play-services-base:10.0.1] AndroidManifest.xml:18:5-20:19
MERGED from [com.google.android.gms:play-services-basement:10.0.1] AndroidManifest.xml:19:5-21:19
MERGED from [com.google.android.gms:play-services-tasks:10.0.1] AndroidManifest.xml:4:5-19
MERGED from [com.google.android.gms:play-services-iid:10.0.1] AndroidManifest.xml:23:5-19
MERGED from [com.google.android.gms:play-services-location:10.0.1] AndroidManifest.xml:4:5-19
MERGED from [com.google.android.gms:play-services-wearable:10.0.1] AndroidManifest.xml:18:5-19
	android:label
		ADDED from src\main\AndroidManifest.xml:46:9-41
	android:supportsRtl
		ADDED from src\main\AndroidManifest.xml:47:9-35
	android:allowBackup
		ADDED from src\main\AndroidManifest.xml:44:9-35
	android:icon
		ADDED from src\main\AndroidManifest.xml:45:9-43
	android:theme
		ADDED from src\main\AndroidManifest.xml:48:9-40
activity#com.example.android.sunshine.app.MainActivity
ADDED from src\main\AndroidManifest.xml:49:9-58:20
	android:label
		ADDED from src\main\AndroidManifest.xml:51:13-45
	android:theme
		ADDED from src\main\AndroidManifest.xml:52:13-49
	android:name
		ADDED from src\main\AndroidManifest.xml:50:13-41
intent-filter#android.intent.action.MAIN+android.intent.category.LAUNCHER
ADDED from src\main\AndroidManifest.xml:53:13-57:29
action#android.intent.action.MAIN
ADDED from src\main\AndroidManifest.xml:54:17-69
	android:name
		ADDED from src\main\AndroidManifest.xml:54:25-66
category#android.intent.category.LAUNCHER
ADDED from src\main\AndroidManifest.xml:56:17-77
	android:name
		ADDED from src\main\AndroidManifest.xml:56:27-74
activity#com.example.android.sunshine.app.DetailActivity
ADDED from src\main\AndroidManifest.xml:59:9-67:20
	android:label
		ADDED from src\main\AndroidManifest.xml:61:13-58
	android:parentActivityName
		ADDED from src\main\AndroidManifest.xml:62:13-55
	android:theme
		ADDED from src\main\AndroidManifest.xml:63:13-52
	android:name
		ADDED from src\main\AndroidManifest.xml:60:13-43
meta-data#android.support.PARENT_ACTIVITY
ADDED from src\main\AndroidManifest.xml:64:13-66:81
	android:value
		ADDED from src\main\AndroidManifest.xml:66:17-78
	android:name
		ADDED from src\main\AndroidManifest.xml:65:17-63
activity#com.example.android.sunshine.app.SettingsActivity
ADDED from src\main\AndroidManifest.xml:68:9-76:20
	android:label
		ADDED from src\main\AndroidManifest.xml:70:13-60
	android:parentActivityName
		ADDED from src\main\AndroidManifest.xml:71:13-55
	android:theme
		ADDED from src\main\AndroidManifest.xml:72:13-49
	android:name
		ADDED from src\main\AndroidManifest.xml:69:13-45
provider#com.example.android.sunshine.app.data.WeatherProvider
ADDED from src\main\AndroidManifest.xml:78:9-82:39
	android:authorities
		ADDED from src\main\AndroidManifest.xml:80:13-60
	android:syncable
		ADDED from src\main\AndroidManifest.xml:82:13-36
	android:exported
		ADDED from src\main\AndroidManifest.xml:81:13-37
	android:name
		ADDED from src\main\AndroidManifest.xml:79:13-49
service#com.example.android.sunshine.app.sync.SunshineAuthenticatorService
ADDED from src\main\AndroidManifest.xml:85:9-93:19
	android:name
		ADDED from src\main\AndroidManifest.xml:85:18-67
intent-filter#android.accounts.AccountAuthenticator
ADDED from src\main\AndroidManifest.xml:86:13-88:29
action#android.accounts.AccountAuthenticator
ADDED from src\main\AndroidManifest.xml:87:17-80
	android:name
		ADDED from src\main\AndroidManifest.xml:87:25-77
meta-data#android.accounts.AccountAuthenticator
ADDED from src\main\AndroidManifest.xml:90:13-92:57
	android:resource
		ADDED from src\main\AndroidManifest.xml:92:17-54
	android:name
		ADDED from src\main\AndroidManifest.xml:91:17-69
service#com.example.android.sunshine.app.sync.SunshineSyncService
ADDED from src\main\AndroidManifest.xml:96:9-106:19
	android:exported
		ADDED from src\main\AndroidManifest.xml:98:13-36
	android:name
		ADDED from src\main\AndroidManifest.xml:97:13-53
intent-filter#android.content.SyncAdapter
ADDED from src\main\AndroidManifest.xml:99:13-101:29
action#android.content.SyncAdapter
ADDED from src\main\AndroidManifest.xml:100:17-70
	android:name
		ADDED from src\main\AndroidManifest.xml:100:25-67
meta-data#android.content.SyncAdapter
ADDED from src\main\AndroidManifest.xml:103:13-105:55
	android:resource
		ADDED from src\main\AndroidManifest.xml:105:17-52
	android:name
		ADDED from src\main\AndroidManifest.xml:104:17-59
receiver#com.google.android.gms.gcm.GcmReceiver
ADDED from src\main\AndroidManifest.xml:109:9-119:20
	android:exported
		ADDED from src\main\AndroidManifest.xml:111:13-36
	android:permission
		ADDED from src\main\AndroidManifest.xml:112:13-73
	android:name
		ADDED from src\main\AndroidManifest.xml:110:13-66
intent-filter#com.example.android.sunshine.app+com.google.android.c2dm.intent.RECEIVE+com.google.android.c2dm.intent.REGISTRATION
ADDED from src\main\AndroidManifest.xml:113:13-118:29
action#com.google.android.c2dm.intent.RECEIVE
ADDED from src\main\AndroidManifest.xml:114:17-81
	android:name
		ADDED from src\main\AndroidManifest.xml:114:25-78
action#com.google.android.c2dm.intent.REGISTRATION
ADDED from src\main\AndroidManifest.xml:115:17-86
	android:name
		ADDED from src\main\AndroidManifest.xml:115:25-83
category#com.example.android.sunshine.app
ADDED from src\main\AndroidManifest.xml:117:17-77
	android:name
		ADDED from src\main\AndroidManifest.xml:117:27-74
service#com.example.android.sunshine.app.muzei.WeatherMuzeiSource
ADDED from src\main\AndroidManifest.xml:121:9-133:19
	android:label
		ADDED from src\main\AndroidManifest.xml:125:13-45
	android:icon
		ADDED from src\main\AndroidManifest.xml:124:13-46
	android:description
		ADDED from src\main\AndroidManifest.xml:123:13-60
	android:name
		ADDED from src\main\AndroidManifest.xml:122:13-53
intent-filter#com.google.android.apps.muzei.api.MuzeiArtSource
ADDED from src\main\AndroidManifest.xml:126:13-128:29
action#com.google.android.apps.muzei.api.MuzeiArtSource
ADDED from src\main\AndroidManifest.xml:127:17-91
	android:name
		ADDED from src\main\AndroidManifest.xml:127:25-88
meta-data#color
ADDED from src\main\AndroidManifest.xml:130:13-132:50
	android:value
		ADDED from src\main\AndroidManifest.xml:132:17-47
	android:name
		ADDED from src\main\AndroidManifest.xml:131:17-37
receiver#com.example.android.sunshine.app.widget.TodayWidgetProvider
ADDED from src\main\AndroidManifest.xml:135:9-146:20
	android:label
		ADDED from src\main\AndroidManifest.xml:137:13-55
	android:name
		ADDED from src\main\AndroidManifest.xml:136:13-55
intent-filter#android.appwidget.action.APPWIDGET_UPDATE+com.example.android.sunshine.app.ACTION_DATA_UPDATED
ADDED from src\main\AndroidManifest.xml:138:13-141:29
action#android.appwidget.action.APPWIDGET_UPDATE
ADDED from src\main\AndroidManifest.xml:139:17-84
	android:name
		ADDED from src\main\AndroidManifest.xml:139:25-81
action#com.example.android.sunshine.app.ACTION_DATA_UPDATED
ADDED from src\main\AndroidManifest.xml:140:17-95
	android:name
		ADDED from src\main\AndroidManifest.xml:140:25-92
meta-data#android.appwidget.provider
ADDED from src\main\AndroidManifest.xml:143:13-145:61
	android:resource
		ADDED from src\main\AndroidManifest.xml:145:17-58
	android:name
		ADDED from src\main\AndroidManifest.xml:144:17-58
service#com.example.android.sunshine.app.widget.TodayWidgetIntentService
ADDED from src\main\AndroidManifest.xml:148:9-68
	android:name
		ADDED from src\main\AndroidManifest.xml:148:18-65
receiver#com.example.android.sunshine.app.widget.DetailWidgetProvider
ADDED from src\main\AndroidManifest.xml:150:9-162:20
	android:enabled
		ADDED from src\main\AndroidManifest.xml:152:13-58
	android:label
		ADDED from src\main\AndroidManifest.xml:153:13-56
	android:name
		ADDED from src\main\AndroidManifest.xml:151:13-56
service#com.example.android.sunshine.app.widget.DetailWidgetRemoteViewsService
ADDED from src\main\AndroidManifest.xml:164:9-168:72
	android:enabled
		ADDED from src\main\AndroidManifest.xml:166:13-58
	android:exported
		ADDED from src\main\AndroidManifest.xml:167:13-37
	android:permission
		ADDED from src\main\AndroidManifest.xml:168:13-69
	android:name
		ADDED from src\main\AndroidManifest.xml:165:13-66
service#com.example.android.sunshine.app.gcm.MyGcmListenerService
ADDED from src\main\AndroidManifest.xml:169:9-175:19
	android:exported
		ADDED from src\main\AndroidManifest.xml:171:13-37
	android:name
		ADDED from src\main\AndroidManifest.xml:170:13-53
intent-filter#com.google.android.c2dm.intent.RECEIVE
ADDED from src\main\AndroidManifest.xml:172:13-174:29
service#com.example.android.sunshine.app.gcm.MyInstanceIDListenerService
ADDED from src\main\AndroidManifest.xml:176:9-182:19
	android:exported
		ADDED from src\main\AndroidManifest.xml:178:13-37
	android:name
		ADDED from src\main\AndroidManifest.xml:177:13-60
intent-filter#com.google.android.gms.iid.InstanceID
ADDED from src\main\AndroidManifest.xml:179:13-181:29
action#com.google.android.gms.iid.InstanceID
ADDED from src\main\AndroidManifest.xml:180:17-80
	android:name
		ADDED from src\main\AndroidManifest.xml:180:25-77
service#com.example.android.sunshine.app.gcm.RegistrationIntentService
ADDED from src\main\AndroidManifest.xml:183:9-185:40
	android:exported
		ADDED from src\main\AndroidManifest.xml:185:13-37
	android:name
		ADDED from src\main\AndroidManifest.xml:184:13-58
uses-sdk
INJECTED from src\main\AndroidManifest.xml reason: use-sdk injection requested
MERGED from [com.android.support:gridlayout-v7:23.0.0] AndroidManifest.xml:20:5-43
MERGED from [com.android.support:support-v4:24.0.0] AndroidManifest.xml:21:5-23:54
MERGED from [com.android.support:cardview-v7:23.0.0] AndroidManifest.xml:20:5-43
MERGED from [com.android.support:design:23.0.0] AndroidManifest.xml:20:5-43
MERGED from [com.android.support:appcompat-v7:23.0.0] AndroidManifest.xml:20:5-43
MERGED from [com.android.support:recyclerview-v7:23.4.0] AndroidManifest.xml:20:5-43
MERGED from [com.google.android.gms:play-services-gcm:10.0.1] AndroidManifest.xml:17:5-42
MERGED from [com.google.android.gms:play-services-base:10.0.1] AndroidManifest.xml:17:5-42
MERGED from [com.google.android.gms:play-services-basement:10.0.1] AndroidManifest.xml:17:5-42
MERGED from [com.google.android.gms:play-services-tasks:10.0.1] AndroidManifest.xml:3:5-42
MERGED from [com.google.android.gms:play-services-iid:10.0.1] AndroidManifest.xml:17:5-42
MERGED from [com.google.android.gms:play-services-location:10.0.1] AndroidManifest.xml:3:5-42
MERGED from [com.google.android.gms:play-services-wearable:10.0.1] AndroidManifest.xml:17:5-42
	tools:overrideLibrary
		ADDED from [com.android.support:support-v4:24.0.0] AndroidManifest.xml:23:9-51
	android:targetSdkVersion
		INJECTED from src\main\AndroidManifest.xml
		INJECTED from src\main\AndroidManifest.xml
	android:minSdkVersion
		INJECTED from src\main\AndroidManifest.xml
		INJECTED from src\main\AndroidManifest.xml
activity#com.google.android.gms.common.api.GoogleApiActivity
ADDED from [com.google.android.gms:play-services-base:10.0.1] AndroidManifest.xml:19:9-172
	android:exported
		ADDED from [com.google.android.gms:play-services-base:10.0.1] AndroidManifest.xml:19:146-170
	android:theme
		ADDED from [com.google.android.gms:play-services-base:10.0.1] AndroidManifest.xml:19:86-145
	android:name
		ADDED from [com.google.android.gms:play-services-base:10.0.1] AndroidManifest.xml:19:19-85
meta-data#com.google.android.gms.version
ADDED from [com.google.android.gms:play-services-basement:10.0.1] AndroidManifest.xml:20:9-121
	android:value
		ADDED from [com.google.android.gms:play-services-basement:10.0.1] AndroidManifest.xml:20:66-119
	android:name
		ADDED from [com.google.android.gms:play-services-basement:10.0.1] AndroidManifest.xml:20:20-65